<?xml version="1.0" encoding="UTF-8"?>
<!-- Generated by org.testng.reporters.JUnitReportReporter -->
<testsuite skipped="0" hostname="DESKTOP-EVHKK01" name="crossbrowser1.cross" tests="2" failures="0" timestamp="2020-08-05T11:34:33 IST" time="78.669" errors="0">
  <testcase name="browsertesting" time="17.872" classname="crossbrowser1.cross"/>
  <testcase name="browsertesting" time="60.797" classname="crossbrowser1.cross"/>
</testsuite> <!-- crossbrowser1.cross -->
