<?xml version="1.0" encoding="UTF-8"?>
<!-- Generated by org.testng.reporters.JUnitReportReporter -->
<testsuite skipped="0" hostname="DESKTOP-EVHKK01" name="scrollexamples.scroll" tests="1" failures="0" timestamp="2020-08-07T20:47:21 IST" time="37.872" errors="0">
  <testcase name="scrollpage" time="37.872" classname="scrollexamples.scroll"/>
</testsuite> <!-- scrollexamples.scroll -->
