<?xml version="1.0" encoding="UTF-8"?>
<!-- Generated by org.testng.reporters.JUnitReportReporter -->
<testsuite skipped="0" hostname="DESKTOP-EVHKK01" name="Actionclassexample.keyboardevents1" tests="1" failures="0" timestamp="2020-08-06T14:27:37 IST" time="17.693" errors="0">
  <testcase name="tab" time="17.693" classname="Actionclassexample.keyboardevents1"/>
</testsuite> <!-- Actionclassexample.keyboardevents1 -->
