<?xml version="1.0" encoding="UTF-8"?>
<!-- Generated by org.testng.reporters.JUnitReportReporter -->
<testsuite skipped="0" hostname="DESKTOP-EVHKK01" name="KlearCard_Test_Cases.sign_up_for_Klear_Card" tests="1" failures="0" timestamp="2020-08-14T22:09:00 IST" time="17.117" errors="0">
  <testcase name="verifysignupprocess" time="17.117" classname="KlearCard_Test_Cases.sign_up_for_Klear_Card"/>
</testsuite> <!-- KlearCard_Test_Cases.sign_up_for_Klear_Card -->
