<?xml version="1.0" encoding="UTF-8"?>
<!-- Generated by org.testng.reporters.JUnitReportReporter -->
<testsuite skipped="0" hostname="DESKTOP-EVHKK01" name="apachepoidemo.writeexcelsheet" tests="1" failures="0" timestamp="2020-08-12T15:08:55 IST" time="0.506" errors="0">
  <testcase name="writeinsheet" time="0.506" classname="apachepoidemo.writeexcelsheet"/>
</testsuite> <!-- apachepoidemo.writeexcelsheet -->
