<?xml version="1.0" encoding="UTF-8"?>
<!-- Generated by org.testng.reporters.JUnitReportReporter -->
<testsuite skipped="0" hostname="DESKTOP-EVHKK01" name="calendar.irctc" tests="1" failures="0" timestamp="2020-08-08T21:08:00 IST" time="9.931" errors="0">
  <testcase name="bookingrail" time="9.931" classname="calendar.irctc"/>
</testsuite> <!-- calendar.irctc -->
