<?xml version="1.0" encoding="UTF-8"?>
<!-- Generated by org.testng.reporters.JUnitReportReporter -->
<testsuite skipped="0" hostname="DESKTOP-EVHKK01" name="pagefactroydemo.signupinfaridagupta" tests="1" failures="0" timestamp="2020-08-11T15:52:35 IST" time="66.405" errors="0">
  <testcase name="faridaguptasignup" time="66.405" classname="pagefactroydemo.signupinfaridagupta"/>
</testsuite> <!-- pagefactroydemo.signupinfaridagupta -->
