<?xml version="1.0" encoding="UTF-8"?>
<!-- Generated by org.testng.reporters.JUnitReportReporter -->
<testsuite skipped="0" hostname="DESKTOP-EVHKK01" name="gettingerror.errormessage" tests="1" failures="0" timestamp="2020-08-04T13:00:19 IST" time="11.884" errors="0">
  <testcase name="errors" time="11.884" classname="gettingerror.errormessage"/>
</testsuite> <!-- gettingerror.errormessage -->
