<?xml version="1.0" encoding="UTF-8"?>
<!-- Generated by org.testng.reporters.JUnitReportReporter -->
<testsuite skipped="0" hostname="DESKTOP-EVHKK01" name="threeinonePOM.verifyloginprocess" tests="1" failures="0" timestamp="2020-08-10T17:30:44 IST" time="18.554" errors="0">
  <testcase name="loginpagemodule" time="18.554" classname="threeinonePOM.verifyloginprocess"/>
</testsuite> <!-- threeinonePOM.verifyloginprocess -->
