<?xml version="1.0" encoding="UTF-8"?>
<!-- Generated by org.testng.reporters.JUnitReportReporter -->
<testsuite skipped="0" hostname="DESKTOP-EVHKK01" name="API_DEMO.API" tests="1" failures="0" timestamp="2020-08-11T15:55:17 IST" time="69.226" errors="0">
  <testcase name="FG" time="69.226" classname="API_DEMO.API"/>
</testsuite> <!-- API_DEMO.API -->
