<?xml version="1.0" encoding="UTF-8"?>
<!-- Generated by org.testng.reporters.JUnitReportReporter -->
<testsuite skipped="0" hostname="DESKTOP-EVHKK01" name="robotclassdemo.robotclassdemo" tests="1" failures="0" timestamp="2020-08-10T13:18:19 IST" time="29.572" errors="0">
  <testcase name="robotclass" time="29.572" classname="robotclassdemo.robotclassdemo"/>
</testsuite> <!-- robotclassdemo.robotclassdemo -->
