<?xml version="1.0" encoding="UTF-8"?>
<!-- Generated by org.testng.reporters.JUnitReportReporter -->
<testsuite skipped="0" hostname="DESKTOP-EVHKK01" name="Actionclassexample.draganddrop" tests="1" failures="0" timestamp="2020-08-05T21:50:47 IST" time="16.717" errors="0">
  <testcase name="dragdrop" time="16.717" classname="Actionclassexample.draganddrop"/>
</testsuite> <!-- Actionclassexample.draganddrop -->
