<?xml version="1.0" encoding="UTF-8"?>
<!-- Generated by org.testng.reporters.JUnitReportReporter -->
<testsuite skipped="0" hostname="DESKTOP-EVHKK01" name="chromeoptions.desriredcapebilties" tests="1" failures="0" timestamp="2020-08-08T19:50:10 IST" time="44.721" errors="0">
  <testcase name="sslissue" time="44.721" classname="chromeoptions.desriredcapebilties"/>
</testsuite> <!-- chromeoptions.desriredcapebilties -->
