<?xml version="1.0" encoding="UTF-8"?>
<!-- Generated by org.testng.reporters.JUnitReportReporter -->
<testsuite skipped="0" hostname="DESKTOP-EVHKK01" name="Actionclassexample.keyboardevents" tests="1" failures="0" timestamp="2020-08-06T14:20:26 IST" time="23.737" errors="0">
  <testcase name="keyboard" time="23.737" classname="Actionclassexample.keyboardevents"/>
</testsuite> <!-- Actionclassexample.keyboardevents -->
