<?xml version="1.0" encoding="UTF-8"?>
<!-- Generated by org.testng.reporters.JUnitReportReporter -->
<testsuite skipped="0" hostname="DESKTOP-EVHKK01" name="scrollexamples.scrollview" tests="1" failures="0" timestamp="2020-08-07T20:58:47 IST" time="26.809" errors="0">
  <testcase name="scrollintoview" time="26.809" classname="scrollexamples.scrollview"/>
</testsuite> <!-- scrollexamples.scrollview -->
