<?xml version="1.0" encoding="UTF-8"?>
<!-- Generated by org.testng.reporters.JUnitReportReporter -->
<testsuite skipped="0" hostname="DESKTOP-EVHKK01" name="javascript.jvscript" tests="1" failures="0" timestamp="2020-08-07T15:57:22 IST" time="13.052" errors="0">
  <testcase name="javascripts" time="13.052" classname="javascript.jvscript"/>
</testsuite> <!-- javascript.jvscript -->
