<?xml version="1.0" encoding="UTF-8"?>
<!-- Generated by org.testng.reporters.JUnitReportReporter -->
<testsuite skipped="0" hostname="DESKTOP-EVHKK01" name="parameterPOM.loggedintoFG" tests="1" failures="0" timestamp="2020-08-10T17:17:02 IST" time="15.368" errors="0">
  <testcase name="loogedintoFg" time="15.368" classname="parameterPOM.loggedintoFG"/>
</testsuite> <!-- parameterPOM.loggedintoFG -->
