<?xml version="1.0" encoding="UTF-8"?>
<!-- Generated by org.testng.reporters.JUnitReportReporter -->
<testsuite skipped="0" hostname="DESKTOP-EVHKK01" name="robotclassdemo.fileupload" tests="1" failures="0" timestamp="2020-08-10T14:40:47 IST" time="19.586" errors="0">
  <testcase name="fileupload" time="19.586" classname="robotclassdemo.fileupload"/>
</testsuite> <!-- robotclassdemo.fileupload -->
