<?xml version="1.0" encoding="UTF-8"?>
<!-- Generated by org.testng.reporters.JUnitReportReporter -->
<testsuite skipped="0" hostname="DESKTOP-EVHKK01" name="verifytitle.verifytitle" tests="1" failures="0" timestamp="2020-08-04T12:43:04 IST" time="19.978" errors="0">
  <testcase name="pagetitle" time="19.978" classname="verifytitle.verifytitle"/>
</testsuite> <!-- verifytitle.verifytitle -->
