<?xml version="1.0" encoding="UTF-8"?>
<!-- Generated by org.testng.reporters.JUnitReportReporter -->
<testsuite skipped="0" hostname="DESKTOP-EVHKK01" name="calendar.calandar" tests="1" failures="0" timestamp="2020-08-08T20:31:02 IST" time="13.204" errors="0">
  <testcase name="staticway" time="13.204" classname="calendar.calandar"/>
</testsuite> <!-- calendar.calandar -->
