<?xml version="1.0" encoding="UTF-8"?>
<!-- Generated by org.testng.reporters.JUnitReportReporter -->
<testsuite skipped="0" hostname="DESKTOP-EVHKK01" name="smallesandlargestnumber" tests="1" failures="0" timestamp="2020-09-03T10:36:45 IST" time="0.009" errors="0">
  <testcase name="smallandlargenumber" time="0.009" classname="smallesandlargestnumber"/>
</testsuite> <!-- smallesandlargestnumber -->
