<?xml version="1.0" encoding="UTF-8"?>
<!-- Generated by org.testng.reporters.JUnitReportReporter -->
<testsuite skipped="0" hostname="DESKTOP-EVHKK01" name="chromeoptions.chromoption" tests="1" failures="0" timestamp="2020-08-08T16:11:20 IST" time="79.233" errors="0">
  <testcase name="chromoption" time="79.233" classname="chromeoptions.chromoption"/>
</testsuite> <!-- chromeoptions.chromoption -->
