<?xml version="1.0" encoding="UTF-8"?>
<!-- Generated by org.testng.reporters.JUnitReportReporter -->
<testsuite skipped="0" hostname="DESKTOP-EVHKK01" name="brokenlinks.brokenlink" tests="1" failures="0" timestamp="2020-08-06T16:42:44 IST" time="28.915" errors="0">
  <testcase name="urls" time="28.915" classname="brokenlinks.brokenlink"/>
</testsuite> <!-- brokenlinks.brokenlink -->
