<?xml version="1.0" encoding="UTF-8"?>
<!-- Generated by org.testng.reporters.JUnitReportReporter -->
<testsuite skipped="0" hostname="DESKTOP-EVHKK01" name="pageobjectmodel.verifyloginpage" tests="1" failures="0" timestamp="2020-08-10T16:57:43 IST" time="13.177" errors="0">
  <testcase name="loggedinFG" time="13.177" classname="pageobjectmodel.verifyloginpage"/>
</testsuite> <!-- pageobjectmodel.verifyloginpage -->
